2025-06-01 12:38:58 - main - INFO - Starting data processing pipeline
2025-06-01 12:38:58 - main - INFO - Loading data...
2025-06-01 12:38:58 - data_loader - INFO - === Начало загрузки данных из messages.csv ===
2025-06-01 12:38:58 - data_loader - INFO - Файл прочитан с кодировкой: utf-8
2025-06-01 12:38:58 - data_loader - INFO - Успешно прочитано 372 строк
2025-06-01 12:38:58 - data_loader - INFO - Начало преобразования дат...
2025-06-01 12:38:58 - data_loader - INFO - 
Информация о данных:
<class 'pandas.core.frame.DataFrame'>
RangeIndex: 372 entries, 0 to 371
Columns: 5 entries, message_id to date
dtypes: datetime64[ns](1), object(4)
memory usage: 14.7+ KB

2025-06-01 12:38:58 - data_loader - INFO - Пример данных (первые 3 строки):
2025-06-01 12:38:58 - data_loader - INFO - 
Строка 0:
2025-06-01 12:38:58 - data_loader - INFO - message_id: 26166
2025-06-01 12:38:58 - data_loader - INFO - text: ✔️ Работы на площади Октября продолжаются 

Сегодня сотрудники службы пути «Горэлектротранса» выполн...
2025-06-01 12:38:58 - data_loader - INFO - media_path: static/media/26166.jpg
2025-06-01 12:38:58 - data_loader - INFO - tags: 
2025-06-01 12:38:58 - data_loader - INFO - date: 2025-05-15 11:02:00
2025-06-01 12:38:58 - data_loader - INFO - 
Строка 1:
2025-06-01 12:38:58 - data_loader - INFO - message_id: 26165
2025-06-01 12:38:58 - data_loader - INFO - text: Предупреждаем о работах в п. Казенная Заимка

16 мая с 10:00 до 19:00 специалисты Росводоканал Барна...
2025-06-01 12:38:58 - data_loader - INFO - media_path: 
2025-06-01 12:38:58 - data_loader - INFO - tags: 
2025-06-01 12:38:58 - data_loader - INFO - date: 2025-05-15 10:27:00
2025-06-01 12:38:58 - data_loader - INFO - 
Строка 2:
2025-06-01 12:38:58 - data_loader - INFO - message_id: 26161
2025-06-01 12:38:58 - data_loader - INFO - text: 👨‍🔬 В Барнауле обсудили подготовку к проведению государственной итоговой аттестации в 2025 году

Сег...
2025-06-01 12:38:58 - data_loader - INFO - media_path: static/media/26161.jpg
2025-06-01 12:38:58 - data_loader - INFO - tags: 
2025-06-01 12:38:58 - data_loader - INFO - date: 2025-05-15 10:27:00
2025-06-01 12:38:58 - data_loader - INFO - === Загрузка данных успешно завершена ===
2025-06-01 12:38:58 - main - INFO - Preprocessing text...
2025-06-01 12:38:58 - text_preprocessor - INFO - Инициализация TextPreprocessor...
2025-06-01 12:38:59 - pymorphy3.opencorpora_dict.wrapper - INFO - Loading dictionaries from C:\Users\kov\AppData\Local\Programs\Python\Python312\Lib\site-packages\pymorphy3_dicts_ru\data
2025-06-01 12:38:59 - pymorphy3.opencorpora_dict.wrapper - INFO - format: 2.4, revision: 417150, updated: 2022-01-08T22:09:24.565962
2025-06-01 12:38:59 - text_preprocessor - INFO - TextPreprocessor успешно инициализирован
2025-06-01 12:38:59 - text_preprocessor - INFO - Начало предобработки 372 текстов...
2025-06-01 12:39:05 - text_preprocessor - INFO - Средняя длина текста до обработки: 198.6 слов
2025-06-01 12:39:05 - text_preprocessor - INFO - Средняя длина текста после обработки: 143.1 слов
2025-06-01 12:39:05 - text_preprocessor - INFO - Примеры обработанных текстов:
2025-06-01 12:39:05 - text_preprocessor - INFO - 
Оригинал: ✔️ Работы на площади Октября продолжаются 

Сегодня сотрудники службы пути «Горэлектротранса» выполн...
2025-06-01 12:39:05 - text_preprocessor - INFO - Обработан: работа площадь октябрь продолжаться сегодня сотрудник служба путь горэлектротранс выполнить дневный ...
2025-06-01 12:39:05 - text_preprocessor - INFO - 
Оригинал: Предупреждаем о работах в п. Казенная Заимка

16 мая с 10:00 до 19:00 специалисты Росводоканал Барна...
2025-06-01 12:39:05 - text_preprocessor - INFO - Обработан: предупреждать работа казённый заимка май специалист росводоканал барнаул провести работа переврезка ...
2025-06-01 12:39:05 - text_preprocessor - INFO - 
Оригинал: 👨‍🔬 В Барнауле обсудили подготовку к проведению государственной итоговой аттестации в 2025 году

Сег...
2025-06-01 12:39:05 - text_preprocessor - INFO - Обработан: барнаул обсудить подготовка проведение государственный итоговый аттестация год сегодня май администр...
2025-06-01 12:39:05 - main - INFO - Saving results...
2025-06-01 12:39:05 - main - INFO - Pipeline completed successfully
