2025-06-01 13:32:06 - text_clusterer_module - INFO - === Запуск модуля text_clusterer.py в режиме тестирования ===
2025-06-01 13:32:06 - text_clusterer_module - INFO - Загружено 372 записей из messages.csv.
2025-06-01 13:32:06 - text_clusterer_module - INFO - Начало предобработки текстов...
2025-06-01 13:32:09 - text_clusterer_module - INFO - Предобработка текстов завершена.
2025-06-01 13:32:09 - text_clusterer_module - INFO - Начало векторизации текстов...
2025-06-01 13:32:09 - text_clusterer_module - INFO - Векторизация текстов завершена. Размер матрицы: (372, 1000)
2025-06-01 13:32:09 - text_clusterer_module - INFO - Начало кластеризации текстов...
2025-06-01 13:32:09 - text_clusterer_module - INFO - K-Means кластеризатор инициализирован с параметрами: n_clusters=5, random_state=42
2025-06-01 13:32:09 - text_clusterer_module - INFO - Начало обучения K-Means модели на 372 образцах.
2025-06-01 13:32:14 - text_clusterer_module - INFO - K-Means модель успешно обучена.
2025-06-01 13:32:14 - text_clusterer_module - INFO - Начало предсказания кластеров для 372 образцов.
2025-06-01 13:32:14 - text_clusterer_module - INFO - Предсказание кластеров завершено.
2025-06-01 13:32:14 - text_clusterer_module - INFO - Кластеризация завершена.
2025-06-01 13:32:14 - text_clusterer_module - INFO - Начало расчета Silhouette Score.
2025-06-01 13:32:14 - text_clusterer_module - INFO - Silhouette Score: 0.044
2025-06-01 13:32:14 - text_clusterer_module - INFO - Средний Silhouette Score для кластеров: 0.044
2025-06-01 13:32:14 - text_clusterer_module - INFO - 
DataFrame с назначенными кластерами:
2025-06-01 13:32:14 - text_clusterer_module - INFO - 
Примеры текстов из каждого кластера:
2025-06-01 13:32:14 - text_clusterer_module - INFO - 
--- Кластер 0 (5 документов) ---
2025-06-01 13:32:14 - text_clusterer_module - INFO -   1. ♻️ Экология - это то, что сегодня волнует каждого из нас. И самый простой способ заботиться о ней - ...
2025-06-01 13:32:14 - text_clusterer_module - INFO -   2. ♻️ Экология - это то, что сегодня волнует каждого из нас. И самый простой способ заботиться о ней - ...
2025-06-01 13:32:14 - text_clusterer_module - INFO -   3. ♻️ Экология - это то, что сегодня волнует каждого из нас. И самый простой способ заботиться о ней - ...
2025-06-01 13:32:14 - text_clusterer_module - INFO -   4. ♻️ Экология - это то, что сегодня волнует каждого из нас. И самый простой способ заботиться о ней - ...
2025-06-01 13:32:14 - text_clusterer_module - INFO -   5. ♻️ Экология - это то, что сегодня волнует каждого из нас. И самый простой способ заботиться о ней - ...
2025-06-01 13:32:14 - text_clusterer_module - INFO - 
--- Кластер 1 (41 документов) ---
2025-06-01 13:32:14 - text_clusterer_module - INFO -   1. ☑️ В Барнауле обсудили благоустройство общественных территорий

В совещании, которое провел глава го...
2025-06-01 13:32:14 - text_clusterer_module - INFO -   2. 🤍 В Барнауле приступили к посадке многолетних растений на городских цветниках

Эти работы проводят с...
2025-06-01 13:32:14 - text_clusterer_module - INFO -   3. 🤎 Более 30 тысяч барнаульцев приняли участие в голосовании по выбору общественных территорий для бла...
2025-06-01 13:32:14 - text_clusterer_module - INFO -   4. 🤎 В Барнауле обсудили проведение интернет-голосования по выбору общественных территорий для благоуст...
2025-06-01 13:32:14 - text_clusterer_module - INFO -   5. 🤎 До окончания голосования по выбору общественных территорий для благоустройства в 2026 году остался...
2025-06-01 13:32:14 - text_clusterer_module - INFO -   ...(и еще)...
2025-06-01 13:32:14 - text_clusterer_module - INFO - 
--- Кластер 2 (83 документов) ---
2025-06-01 13:32:14 - text_clusterer_module - INFO -   1. ☑️ Глава города Вячеслав Франк провел еженедельное расширенное аппаратное совещание

В совещании при...
2025-06-01 13:32:14 - text_clusterer_module - INFO -   2. 🔖 Улицы Победы: Петров Антон Васильевич

Улицы Барнаула хранят память о Победе в Великой Отечественн...
2025-06-01 13:32:14 - text_clusterer_module - INFO -   3. 🔖Улицы Победы: Гулькин Иван Тихонович

Улицы Барнаула хранят память о Победе в Великой Отечественной...
2025-06-01 13:32:14 - text_clusterer_module - INFO -   4. 🔖Город трудовой доблести// 
9 Мая - День Победы

Наша сегодняшняя подборка новостей полностью посвящ...
2025-06-01 13:32:14 - text_clusterer_module - INFO -   5. Очень красивый праздничный фейерверк прогремел сегодня в Барнауле в честь 80-летия Победы в Великой ...
2025-06-01 13:32:14 - text_clusterer_module - INFO -   ...(и еще)...
2025-06-01 13:32:14 - text_clusterer_module - INFO - 
--- Кластер 3 (64 документов) ---
2025-06-01 13:32:14 - text_clusterer_module - INFO -   1. ✔️ Работы на площади Октября продолжаются 

Сегодня сотрудники службы пути «Горэлектротранса» выполн...
2025-06-01 13:32:14 - text_clusterer_module - INFO -   2. Предупреждаем о работах в п. Казенная Заимка

16 мая с 10:00 до 19:00 специалисты Росводоканал Барна...
2025-06-01 13:32:14 - text_clusterer_module - INFO -   3. В Барнауле приступили к работам по покосу травы

Так, на территории Центрального района, в течение н...
2025-06-01 13:32:14 - text_clusterer_module - INFO -   4. Движение трамваев маршрутов 4 и 5 восстановлено....
2025-06-01 13:32:14 - text_clusterer_module - INFO -   5. ❕Временно изменено движение трамвайных маршрутов №4,5
 
Из-за неисправности контактной сети на конеч...
2025-06-01 13:32:14 - text_clusterer_module - INFO -   ...(и еще)...
2025-06-01 13:32:14 - text_clusterer_module - INFO - 
--- Кластер 4 (179 документов) ---
2025-06-01 13:32:14 - text_clusterer_module - INFO -   1. 👨‍🔬 В Барнауле обсудили подготовку к проведению государственной итоговой аттестации в 2025 году

Сег...
2025-06-01 13:32:14 - text_clusterer_module - INFO -   2. Полпред Анатолий Серышев провёл рабочую встречу с прокурором Новосибирской области
Сегодня, 15 мая, ...
2025-06-01 13:32:14 - text_clusterer_module - INFO -   3. В администрации города обсудили реализацию проекта «Готов к санитарной обороне»

Сегодня, 15 мая, в ...
2025-06-01 13:32:14 - text_clusterer_module - INFO -   4. ☑️ Кадетский бал пройдет в Барнауле на территории парка культуры и отдыха «Центральный»

В пятницу, ...
2025-06-01 13:32:14 - text_clusterer_module - INFO -   5. ✔️ В администрации города состоялась очередная ежеквартальная сессия Молодежного парламента города

...
2025-06-01 13:32:14 - text_clusterer_module - INFO -   ...(и еще)...
2025-06-01 13:32:14 - text_clusterer_module - INFO - === Тестирование модуля text_clusterer.py завершено ===
2025-06-01 13:37:08 - text_clusterer_module - INFO - === Запуск модуля text_clusterer.py в режиме тестирования с подбором N кластеров ===
2025-06-01 13:37:08 - text_clusterer_module - INFO - Загружено 372 записей из messages.csv.
2025-06-01 13:37:08 - text_clusterer_module - INFO - Начало предобработки текстов...
2025-06-01 13:37:12 - text_clusterer_module - INFO - Начало векторизации текстов...
2025-06-01 13:37:12 - text_clusterer_module - INFO - Векторизация текстов завершена. Размер матрицы: (372, 1500)
2025-06-01 13:37:12 - text_clusterer_module - INFO - Начало подбора оптимального количества кластеров...
2025-06-01 13:37:12 - text_clusterer_module - INFO - K-Means кластеризатор инициализирован с параметрами: n_clusters=5, random_state=42
2025-06-01 13:37:12 - text_clusterer_module - INFO - Начало поиска оптимального количества кластеров (от 2 до 15).
2025-06-01 13:43:49 - text_clusterer_module - INFO - Графики метода 'Локтя' и Silhouette Score построены.
2025-06-01 13:43:49 - text_clusterer_module - INFO - Рекомендуемое количество кластеров по Silhouette Score: 14
2025-06-01 13:43:49 - text_clusterer_module - INFO - Оптимальное количество кластеров, рекомендованное системой: 14
2025-06-01 13:43:49 - text_clusterer_module - INFO - Начало финальной кластеризации текстов с 14 кластерами...
2025-06-01 13:43:49 - text_clusterer_module - INFO - K-Means кластеризатор инициализирован с параметрами: n_clusters=14, random_state=42
2025-06-01 13:43:49 - text_clusterer_module - INFO - Начало обучения K-Means модели на 372 образцах с 14 кластерами.
2025-06-01 13:43:49 - text_clusterer_module - INFO - K-Means модель успешно обучена.
2025-06-01 13:43:49 - text_clusterer_module - INFO - Начало предсказания кластеров для 372 образцов.
2025-06-01 13:43:49 - text_clusterer_module - INFO - Предсказание кластеров завершено.
2025-06-01 13:43:49 - text_clusterer_module - INFO - Финальная кластеризация завершена.
2025-06-01 13:43:49 - text_clusterer_module - INFO - Начало расчета Silhouette Score.
2025-06-01 13:43:49 - text_clusterer_module - INFO - Silhouette Score: 0.069
2025-06-01 13:43:49 - text_clusterer_module - INFO - Финальный средний Silhouette Score для кластеров: 0.069
2025-06-01 13:43:49 - text_clusterer_module - INFO - 
DataFrame с назначенными кластерами (первые 15 записей):
2025-06-01 13:43:49 - text_clusterer_module - INFO - 
Примеры текстов из каждого кластера:
2025-06-01 13:43:49 - text_clusterer_module - INFO - 
--- Кластер 0 (25 документов) ---
2025-06-01 13:43:49 - text_clusterer_module - INFO -   1. ☑️ В Барнауле обсудили благоустройство общественных территорий

В совещании, которое провел глава го...
2025-06-01 13:43:49 - text_clusterer_module - INFO -   2. 🤎 Более 30 тысяч барнаульцев приняли участие в голосовании по выбору общественных территорий для бла...
2025-06-01 13:43:49 - text_clusterer_module - INFO -   3. 🏠 В Барнауле приступили к благоустройству дворов по нацпроекту «Инфраструктура для жизни»

Ранее на ...
2025-06-01 13:43:49 - text_clusterer_module - INFO -   4. 🤎 В Барнауле обсудили проведение интернет-голосования по выбору общественных территорий для благоуст...
2025-06-01 13:43:49 - text_clusterer_module - INFO -   5. 🤎 До окончания голосования по выбору общественных территорий для благоустройства в 2026 году остался...
2025-06-01 13:43:49 - text_clusterer_module - INFO -   ...(и еще)...
2025-06-01 13:43:49 - text_clusterer_module - INFO - 
--- Кластер 1 (54 документов) ---
2025-06-01 13:43:49 - text_clusterer_module - INFO -   1. ☑️ Кадетский бал пройдет в Барнауле на территории парка культуры и отдыха «Центральный»

В пятницу, ...
2025-06-01 13:43:49 - text_clusterer_module - INFO -   2. ☑️ Глава города Вячеслав Франк провел еженедельное расширенное аппаратное совещание

В совещании при...
2025-06-01 13:43:49 - text_clusterer_module - INFO -   3. 🔖Город трудовой доблести// 
9 Мая - День Победы

Наша сегодняшняя подборка новостей полностью посвящ...
2025-06-01 13:43:49 - text_clusterer_module - INFO -   4. Очень красивый праздничный фейерверк прогремел сегодня в Барнауле в честь 80-летия Победы в Великой ...
2025-06-01 13:43:49 - text_clusterer_module - INFO -   5. 🔖В Барнауле прогремел праздничный салют в честь Дня Победы 

Губернатор Алтайского края Виктор Томен...
2025-06-01 13:43:49 - text_clusterer_module - INFO -   ...(и еще)...
2025-06-01 13:43:49 - text_clusterer_module - INFO - 
--- Кластер 2 (60 документов) ---
2025-06-01 13:43:49 - text_clusterer_module - INFO -   1. Полпред Анатолий Серышев провёл рабочую встречу с прокурором Новосибирской области
Сегодня, 15 мая, ...
2025-06-01 13:43:49 - text_clusterer_module - INFO -   2. ✔️ В администрации города состоялась очередная ежеквартальная сессия Молодежного парламента города

...
2025-06-01 13:43:49 - text_clusterer_module - INFO -   3. Алтайский край представил сенаторам РФ практики работы органов публичной власти с институтами гражда...
2025-06-01 13:43:49 - text_clusterer_module - INFO -   4. 🎬 Губернатор Алтайского края, сенаторы Совета Федерации и глава города возложили цветы к стеле «Горо...
2025-06-01 13:43:49 - text_clusterer_module - INFO -   5. 🎬 В Барнауле работает делегация Совета Федерации Федерального Собрания РФ

Делегация посетила строящ...
2025-06-01 13:43:49 - text_clusterer_module - INFO -   ...(и еще)...
2025-06-01 13:43:49 - text_clusterer_module - INFO - 
--- Кластер 3 (9 документов) ---
2025-06-01 13:43:49 - text_clusterer_module - INFO -   1. Продовольственные ярмарки прошли на территории города на восьми площадках. Продукции реализовано на ...
2025-06-01 13:43:49 - text_clusterer_module - INFO -   2. 🍏Сегодня в Барнауле пройдут продовольственные ярмарки выходного дня 

Ярмарочные площадки будут орга...
2025-06-01 13:43:49 - text_clusterer_module - INFO -   3. 🤎 26 апреля в Барнауле пройдут продовольственные ярмарки выходного дня

Участники ярмарок предложат ...
2025-06-01 13:43:49 - text_clusterer_module - INFO -   4. ♥️ Предпасхальные продовольственные ярмарки прошли в Барнауле
 
Сегодня, 19 апреля, продовольственны...
2025-06-01 13:43:49 - text_clusterer_module - INFO -   5. 💬 Предпасхальные продовольственные ярмарки пройдут в Барнауле 19 апреля

19 апреля в Барнауле пройду...
2025-06-01 13:43:49 - text_clusterer_module - INFO -   ...(и еще)...
2025-06-01 13:43:49 - text_clusterer_module - INFO - 
--- Кластер 4 (29 документов) ---
2025-06-01 13:43:49 - text_clusterer_module - INFO -   1. 🤍 В Барнауле приступили к посадке многолетних растений на городских цветниках

Эти работы проводят с...
2025-06-01 13:43:49 - text_clusterer_module - INFO -   2. В администрации Барнаула состоялась встреча с делегацией города Усть-Каменогорска Республики Казахст...
2025-06-01 13:43:49 - text_clusterer_module - INFO -   3. 🔖Барнаул принял участие в акции «Бессмертный полк»

Неся портреты своих дедов и прадедов, участникам...
2025-06-01 13:43:49 - text_clusterer_module - INFO -   4. Выступил сегодня с поздравлением с Днём Победы для всех жителей нашего Алтайского края во время пара...
2025-06-01 13:43:49 - text_clusterer_module - INFO -   5. 🔖В День Победы на городском Мемориале Славы возложили цветы

Сегодня, 9 мая, праздничные мероприятия...
2025-06-01 13:43:49 - text_clusterer_module - INFO -   ...(и еще)...
2025-06-01 13:43:49 - text_clusterer_module - INFO - 
--- Кластер 5 (39 документов) ---
2025-06-01 13:43:49 - text_clusterer_module - INFO -   1. 👨‍🔬 В Барнауле обсудили подготовку к проведению государственной итоговой аттестации в 2025 году

Сег...
2025-06-01 13:43:49 - text_clusterer_module - INFO -   2. В администрации города обсудили реализацию проекта «Готов к санитарной обороне»

Сегодня, 15 мая, в ...
2025-06-01 13:43:49 - text_clusterer_module - INFO -   3. ✔️ В загородных оздоровительных лагерях Барнаула обновляют материально-техническую базу

Сегодня, 14...
2025-06-01 13:43:49 - text_clusterer_module - INFO -   4. 📌 В администрации Барнаула прошло совещание по подготовке к отопительному периоду 2025/2026 годов

З...
2025-06-01 13:43:49 - text_clusterer_module - INFO -   5. ☑️ В администрации города прошло расширенное аппаратное совещание

Его провел первый заместитель гла...
2025-06-01 13:43:49 - text_clusterer_module - INFO -   ...(и еще)...
2025-06-01 13:43:49 - text_clusterer_module - INFO - 
--- Кластер 6 (5 документов) ---
2025-06-01 13:43:49 - text_clusterer_module - INFO -   1. ♻️ Экология - это то, что сегодня волнует каждого из нас. И самый простой способ заботиться о ней - ...
2025-06-01 13:43:49 - text_clusterer_module - INFO -   2. ♻️ Экология - это то, что сегодня волнует каждого из нас. И самый простой способ заботиться о ней - ...
2025-06-01 13:43:49 - text_clusterer_module - INFO -   3. ♻️ Экология - это то, что сегодня волнует каждого из нас. И самый простой способ заботиться о ней - ...
2025-06-01 13:43:49 - text_clusterer_module - INFO -   4. ♻️ Экология - это то, что сегодня волнует каждого из нас. И самый простой способ заботиться о ней - ...
2025-06-01 13:43:49 - text_clusterer_module - INFO -   5. ♻️ Экология - это то, что сегодня волнует каждого из нас. И самый простой способ заботиться о ней - ...
2025-06-01 13:43:49 - text_clusterer_module - INFO - 
--- Кластер 7 (3 документов) ---
2025-06-01 13:43:49 - text_clusterer_module - INFO -   1. Прогноз погоды от @barnaul_press на предстоящую неделю....
2025-06-01 13:43:49 - text_clusterer_module - INFO -   2. Прогноз погоды от @barnaul_press на предстоящую неделю....
2025-06-01 13:43:49 - text_clusterer_module - INFO -   3. Прогноз погоды от @barnaul_press на предстоящую неделю....
2025-06-01 13:43:49 - text_clusterer_module - INFO - 
--- Кластер 8 (25 документов) ---
2025-06-01 13:43:49 - text_clusterer_module - INFO -   1. Движение трамваев маршрутов 4 и 5 восстановлено....
2025-06-01 13:43:49 - text_clusterer_module - INFO -   2. ❕Временно изменено движение трамвайных маршрутов №4,5
 
Из-за неисправности контактной сети на конеч...
2025-06-01 13:43:49 - text_clusterer_module - INFO -   3. Сегодня начнутся работы по ремонту трамвайных путей на площади Октября

Напомним, на площади Октября...
2025-06-01 13:43:49 - text_clusterer_module - INFO -   4. ❕ В «Ночь музеев» в Барнауле будут перекрыто два участка дорог

17 мая в Барнауле пройдет ежегодная ...
2025-06-01 13:43:49 - text_clusterer_module - INFO -   5. ❕ С 12 мая в Барнауле стартует ремонт трамвайных путей на площади Октября 

На площади Октября будут...
2025-06-01 13:43:49 - text_clusterer_module - INFO -   ...(и еще)...
2025-06-01 13:43:49 - text_clusterer_module - INFO - 
--- Кластер 9 (17 документов) ---
2025-06-01 13:43:49 - text_clusterer_module - INFO -   1. ☑️ В городе прошли рейды по соблюдению правил пожарной безопасности и безопасности на водных объекта...
2025-06-01 13:43:49 - text_clusterer_module - INFO -   2. ❕В Алтайском крае ожидается ухудшение погодных условий 

В Алтайском крае ожидаются дожди, грозы, гр...
2025-06-01 13:43:49 - text_clusterer_module - INFO -   3. ❕В пойме реки Обь в районе СНТ «Весняночка» идёт ликвидация ландшафтного пожара

Сегодня, ранним утр...
2025-06-01 13:43:49 - text_clusterer_module - INFO -   4. ☑️В Барнауле прошло совещание по организации обеспечения пожарной безопасности и готовности служб жи...
2025-06-01 13:43:49 - text_clusterer_module - INFO -   5. Подкаст: барнаульцам рассказали, как уберечься от пожара

В новом выпуске подкаста «Вечернее радио» ...
2025-06-01 13:43:49 - text_clusterer_module - INFO -   ...(и еще)...
2025-06-01 13:43:50 - text_clusterer_module - INFO - 
--- Кластер 10 (53 документов) ---
2025-06-01 13:43:50 - text_clusterer_module - INFO -   1. ✔️ Работы на площади Октября продолжаются 

Сегодня сотрудники службы пути «Горэлектротранса» выполн...
2025-06-01 13:43:50 - text_clusterer_module - INFO -   2. Продолжаются круглосуточные работы по ремонту трамвайных путей на площади Октября

Сегодня бригада «...
2025-06-01 13:43:50 - text_clusterer_module - INFO -   3. В администрации города пошло совещание по дорожным работам в рамках нацпроекта «Инфраструктура для ж...
2025-06-01 13:43:50 - text_clusterer_module - INFO -   4. ☑️ В Барнауле приют «Ласка» начал прием заявок на бесплатную стерилизацию собак в рамках гранта

При...
2025-06-01 13:43:50 - text_clusterer_module - INFO -   5. По результатам мониторинга дорожного движения специалистами комитета по дорожному хозяйству и трансп...
2025-06-01 13:43:50 - text_clusterer_module - INFO -   ...(и еще)...
2025-06-01 13:43:50 - text_clusterer_module - INFO - 
--- Кластер 11 (26 документов) ---
2025-06-01 13:43:50 - text_clusterer_module - INFO -   1. Предупреждаем о работах в п. Казенная Заимка

16 мая с 10:00 до 19:00 специалисты Росводоканал Барна...
2025-06-01 13:43:50 - text_clusterer_module - INFO -   2. В Барнауле приступили к работам по покосу травы

Так, на территории Центрального района, в течение н...
2025-06-01 13:43:50 - text_clusterer_module - INFO -   3. 12 мая специалисты подрядной организации барнаульского водоканала приступили к реконструкции водопро...
2025-06-01 13:43:50 - text_clusterer_module - INFO -   4. ❕ В Барнауле временно ограничат движение на участке улицы Островского
 
В связи с проведением работ ...
2025-06-01 13:43:50 - text_clusterer_module - INFO -   5. ❕ Сегодня в Барнауле временно отключат светофоры

В связи с проведением работ по переустройству пита...
2025-06-01 13:43:50 - text_clusterer_module - INFO -   ...(и еще)...
2025-06-01 13:43:50 - text_clusterer_module - INFO - 
--- Кластер 12 (14 документов) ---
2025-06-01 13:43:50 - text_clusterer_module - INFO -   1. 🔖 Улицы Победы: Петров Антон Васильевич

Улицы Барнаула хранят память о Победе в Великой Отечественн...
2025-06-01 13:43:50 - text_clusterer_module - INFO -   2. 🔖Улицы Победы: Гулькин Иван Тихонович

Улицы Барнаула хранят память о Победе в Великой Отечественной...
2025-06-01 13:43:50 - text_clusterer_module - INFO -   3. 🔖Улицы Победы: Кащеева Вера Сергеевна 

Улицы Барнаула хранят память о Победе в Великой Отечественно...
2025-06-01 13:43:50 - text_clusterer_module - INFO -   4. 🔖Улицы Победы: Юрин Алексей Николаевич 

Улицы Барнаула хранят память о Победе в Великой Отечественн...
2025-06-01 13:43:50 - text_clusterer_module - INFO -   5. 🔖Улицы Победы: Цуканова Мария Никитична 

Улицы Барнаула хранят память о Победе в Великой Отечествен...
2025-06-01 13:43:50 - text_clusterer_module - INFO -   ...(и еще)...
2025-06-01 13:43:50 - text_clusterer_module - INFO - 
--- Кластер 13 (13 документов) ---
2025-06-01 13:43:50 - text_clusterer_module - INFO -   1. ✔️ В Барнауле завершился месячник весенней санитарной очистки и благоустройства

Весь апрель в Барна...
2025-06-01 13:43:50 - text_clusterer_module - INFO -   2. 🎬 Мы подготовили для вас видео, как  в Барнауле проходит общегородской субботник в рамках месячника ...
2025-06-01 13:43:50 - text_clusterer_module - INFO -   3. Вячеслав Франк принял участие в общегородском субботнике

Сегодня, 25 апреля, в Барнауле проходит об...
2025-06-01 13:43:50 - text_clusterer_module - INFO -   4. 🤍 В Барнауле прошел финальный «чистый четверг» в рамках месячника весенней санитарной очистки

В фин...
2025-06-01 13:43:50 - text_clusterer_module - INFO -   5. ✨ Общегородской субботник пройдет сегодня в Барнауле

Сегодня, 25 апреля, в Барнауле пройдет традици...
2025-06-01 13:43:50 - text_clusterer_module - INFO -   ...(и еще)...
2025-06-01 13:43:50 - text_clusterer_module - INFO - === Тестирование модуля text_clusterer.py завершено ===
2025-06-01 13:49:29 - text_clusterer_module - INFO - K-Means кластеризатор инициализирован с параметрами: n_clusters=5, random_state=42
2025-06-01 13:49:29 - text_clusterer_module - INFO - Начало обучения K-Means модели на 372 образцах с 5 кластерами.
2025-06-01 13:49:30 - text_clusterer_module - INFO - K-Means модель успешно обучена.
2025-06-01 13:49:30 - text_clusterer_module - INFO - Начало предсказания кластеров для 372 образцов.
2025-06-01 13:49:30 - text_clusterer_module - INFO - Предсказание кластеров завершено.
2025-06-01 13:52:39 - text_clusterer_module - INFO - K-Means кластеризатор инициализирован с параметрами: n_clusters=5, random_state=42
2025-06-01 13:52:39 - text_clusterer_module - INFO - Начало обучения K-Means модели на 372 образцах с 5 кластерами.
2025-06-01 13:52:40 - text_clusterer_module - INFO - K-Means модель успешно обучена.
2025-06-01 13:52:40 - text_clusterer_module - INFO - Начало предсказания кластеров для 372 образцов.
2025-06-01 13:52:40 - text_clusterer_module - INFO - Предсказание кластеров завершено.
