2025-06-01 13:49:25 - vectorization_evaluator_module - INFO - === Запуск модуля vectorization_evaluator.py в режиме тестирования ===
2025-06-01 13:49:25 - vectorization_evaluator_module - INFO - Загружено 372 записей из messages.csv.
2025-06-01 13:49:25 - vectorization_evaluator_module - INFO - Начало предобработки текстов...
2025-06-01 13:49:29 - vectorization_evaluator_module - INFO - Предобработка текстов завершена.
2025-06-01 13:49:29 - vectorization_evaluator_module - INFO - Начало векторизации текстов...
2025-06-01 13:49:29 - vectorization_evaluator_module - INFO - Векторизация текстов завершена. Размер матрицы: (372, 1500)
2025-06-01 13:49:29 - vectorization_evaluator_module - INFO - Начало кластеризации для получения меток...
2025-06-01 13:49:30 - vectorization_evaluator_module - INFO - Кластеризация выполнена с 5 кластерами.
2025-06-01 13:49:30 - vectorization_evaluator_module - INFO - Модуль оценки векторизации инициализирован.
2025-06-01 13:49:30 - vectorization_evaluator_module - INFO - 
Запуск визуализации 2D-встраиваний (t-SNE)...
2025-06-01 13:49:30 - vectorization_evaluator_module - INFO - Начало 2D-визуализации с помощью TSNE...
2025-06-01 13:51:57 - vectorization_evaluator_module - INFO - Визуализация 2D-встраиваний с помощью TSNE успешно построена.
2025-06-01 13:51:57 - vectorization_evaluator_module - INFO - 
Запуск оценки косинусного сходства для выбранных пар текстов...
2025-06-01 13:51:57 - vectorization_evaluator_module - INFO - Начало вычисления косинусного сходства для заданных пар текстов.
2025-06-01 13:51:57 - vectorization_evaluator_module - INFO - Сходство между 'Предупреждаем о работах в п. Казенная Заимка

16 м...' и 'В администрации города обсудили реализацию проекта...': 0.5678 (Ожидается: Похожие (телефон))
2025-06-01 13:51:57 - vectorization_evaluator_module - INFO - Сходство между '👨‍🔬 В Барнауле обсудили подготовку к проведению го...' и '☑️ В Барнауле обсудили благоустройство общественны...': 0.2442 (Ожидается: Похожие (погода))
2025-06-01 13:51:57 - vectorization_evaluator_module - INFO - Сходство между '🤍 В Барнауле приступили к посадке многолетних раст...' и 'Продолжаются круглосуточные работы по ремонту трам...': 0.4681 (Ожидается: Похожие (криптовалюты/биткоин))
2025-06-01 13:51:57 - vectorization_evaluator_module - INFO - Сходство между 'В Барнауле приступили к работам по покосу травы

Т...' и '✔️ В администрации города состоялась очередная еже...': 0.1736 (Ожидается: Похожие (экономика))
2025-06-01 13:51:57 - vectorization_evaluator_module - INFO - Сходство между '☑️ Кадетский бал пройдет в Барнауле на территории ...' и '12 мая специалисты подрядной организации барнаульс...': 0.2264 (Ожидается: Похожие (ИИ))
2025-06-01 13:51:57 - vectorization_evaluator_module - INFO - Сходство между 'Предупреждаем о работах в п. Казенная Заимка

16 м...' и 'Алтайский край представил сенаторам РФ практики ра...': 0.1990 (Ожидается: Похожие (технологии))
2025-06-01 13:51:57 - vectorization_evaluator_module - INFO - Сходство между '✔️ Работы на площади Октября продолжаются 

Сегодн...' и 'Полпред Анатолий Серышев провёл рабочую встречу с ...': 0.7364 (Ожидается: Непохожие (мир vs заявка))
2025-06-01 13:51:57 - vectorization_evaluator_module - INFO - Сходство между 'Предупреждаем о работах в п. Казенная Заимка

16 м...' и '👨‍🔬 В Барнауле обсудили подготовку к проведению го...': 0.1416 (Ожидается: Непохожие (телефон vs погода))
2025-06-01 13:51:57 - vectorization_evaluator_module - INFO - Сходство между 'В Барнауле приступили к работам по покосу травы

Т...' и '🤎 Более 30 тысяч барнаульцев приняли участие в гол...': 0.3751 (Ожидается: Непохожие (политика vs пташки))
2025-06-01 13:51:57 - vectorization_evaluator_module - INFO - 
Анализ топ-признаков (слов) векторизатора...
2025-06-01 13:51:57 - vectorization_evaluator_module - INFO - Топ-30 признаков (слов) по их IDF (чем выше, тем реже слово и важнее):
2025-06-01 13:51:57 - vectorization_evaluator_module - INFO -   1. покос (IDF: 5.8230)
2025-06-01 13:51:57 - vectorization_evaluator_module - INFO -   2. приют (IDF: 5.8230)
2025-06-01 13:51:57 - vectorization_evaluator_module - INFO -   3. ласка (IDF: 5.8230)
2025-06-01 13:51:57 - vectorization_evaluator_module - INFO -   4. контейнерный (IDF: 5.8230)
2025-06-01 13:51:57 - vectorization_evaluator_module - INFO -   5. улпушкин (IDF: 5.8230)
2025-06-01 13:51:57 - vectorization_evaluator_module - INFO -   6. футболка (IDF: 5.8230)
2025-06-01 13:51:57 - vectorization_evaluator_module - INFO -   7. олег (IDF: 5.8230)
2025-06-01 13:51:57 - vectorization_evaluator_module - INFO -   8. глушков (IDF: 5.8230)
2025-06-01 13:51:57 - vectorization_evaluator_module - INFO -   9. паводок (IDF: 5.8230)
2025-06-01 13:51:57 - vectorization_evaluator_module - INFO -   10. конев (IDF: 5.8230)
2025-06-01 13:51:57 - vectorization_evaluator_module - INFO -   11. тренировка (IDF: 5.8230)
2025-06-01 13:51:57 - vectorization_evaluator_module - INFO -   12. сие (IDF: 5.8230)
2025-06-01 13:51:57 - vectorization_evaluator_module - INFO -   13. эстафета (IDF: 5.8230)
2025-06-01 13:51:57 - vectorization_evaluator_module - INFO -   14. участковый (IDF: 5.8230)
2025-06-01 13:51:57 - vectorization_evaluator_module - INFO -   15. оползень (IDF: 5.8230)
2025-06-01 13:51:57 - vectorization_evaluator_module - INFO -   16. технопарк (IDF: 5.8230)
2025-06-01 13:51:57 - vectorization_evaluator_module - INFO -   17. конференция (IDF: 5.8230)
2025-06-01 13:51:57 - vectorization_evaluator_module - INFO -   18. итоговый (IDF: 5.5353)
2025-06-01 13:51:57 - vectorization_evaluator_module - INFO -   19. аттестация (IDF: 5.5353)
2025-06-01 13:51:57 - vectorization_evaluator_module - INFO -   20. серышева (IDF: 5.5353)
2025-06-01 13:51:57 - vectorization_evaluator_module - INFO -   21. долевой (IDF: 5.5353)
2025-06-01 13:51:57 - vectorization_evaluator_module - INFO -   22. инструктор (IDF: 5.5353)
2025-06-01 13:51:57 - vectorization_evaluator_module - INFO -   23. терроризм (IDF: 5.5353)
2025-06-01 13:51:57 - vectorization_evaluator_module - INFO -   24. чайкина (IDF: 5.5353)
2025-06-01 13:51:57 - vectorization_evaluator_module - INFO -   25. кубок (IDF: 5.5353)
2025-06-01 13:51:57 - vectorization_evaluator_module - INFO -   26. прстроитель (IDF: 5.5353)
2025-06-01 13:51:57 - vectorization_evaluator_module - INFO -   27. энергия (IDF: 5.5353)
2025-06-01 13:51:57 - vectorization_evaluator_module - INFO -   28. тсж (IDF: 5.5353)
2025-06-01 13:51:57 - vectorization_evaluator_module - INFO -   29. паршковы (IDF: 5.5353)
2025-06-01 13:51:57 - vectorization_evaluator_module - INFO -   30. журавль (IDF: 5.5353)
2025-06-01 13:51:57 - vectorization_evaluator_module - INFO - 
Общее количество извлеченных признаков (слов): 1500
2025-06-01 13:52:35 - vectorization_evaluator_module - INFO - === Запуск модуля vectorization_evaluator.py в режиме тестирования ===
2025-06-01 13:52:35 - vectorization_evaluator_module - INFO - Загружено 372 записей из messages.csv.
2025-06-01 13:52:35 - vectorization_evaluator_module - INFO - Начало предобработки текстов...
2025-06-01 13:52:39 - vectorization_evaluator_module - INFO - Предобработка текстов завершена.
2025-06-01 13:52:39 - vectorization_evaluator_module - INFO - Начало векторизации текстов...
2025-06-01 13:52:39 - vectorization_evaluator_module - INFO - Векторизация текстов завершена. Размер матрицы: (372, 1500)
2025-06-01 13:52:39 - vectorization_evaluator_module - INFO - Начало кластеризации для получения меток...
2025-06-01 13:52:40 - vectorization_evaluator_module - INFO - Кластеризация выполнена с 5 кластерами.
2025-06-01 13:52:40 - vectorization_evaluator_module - INFO - Модуль оценки векторизации инициализирован.
2025-06-01 13:52:40 - vectorization_evaluator_module - INFO - 
Запуск визуализации 2D-встраиваний (t-SNE)...
2025-06-01 13:52:40 - vectorization_evaluator_module - INFO - Начало 2D-визуализации с помощью TSNE...
2025-06-01 13:52:52 - vectorization_evaluator_module - INFO - Визуализация 2D-встраиваний с помощью TSNE успешно построена.
2025-06-01 13:52:52 - vectorization_evaluator_module - INFO - 
Запуск оценки косинусного сходства для выбранных пар текстов...
2025-06-01 13:52:52 - vectorization_evaluator_module - INFO - Начало вычисления косинусного сходства для заданных пар текстов.
2025-06-01 13:52:52 - vectorization_evaluator_module - INFO - Сходство между 'Предупреждаем о работах в п. Казенная Заимка

16 м...' и 'В администрации города обсудили реализацию проекта...': 0.5678 (Ожидается: Похожие (телефон))
2025-06-01 13:52:52 - vectorization_evaluator_module - INFO - Сходство между '👨‍🔬 В Барнауле обсудили подготовку к проведению го...' и '☑️ В Барнауле обсудили благоустройство общественны...': 0.2442 (Ожидается: Похожие (погода))
2025-06-01 13:52:52 - vectorization_evaluator_module - INFO - Сходство между '🤍 В Барнауле приступили к посадке многолетних раст...' и 'Продолжаются круглосуточные работы по ремонту трам...': 0.4681 (Ожидается: Похожие (криптовалюты/биткоин))
2025-06-01 13:52:52 - vectorization_evaluator_module - INFO - Сходство между 'В Барнауле приступили к работам по покосу травы

Т...' и '✔️ В администрации города состоялась очередная еже...': 0.1736 (Ожидается: Похожие (экономика))
2025-06-01 13:52:52 - vectorization_evaluator_module - INFO - Сходство между '☑️ Кадетский бал пройдет в Барнауле на территории ...' и '12 мая специалисты подрядной организации барнаульс...': 0.2264 (Ожидается: Похожие (ИИ))
2025-06-01 13:52:52 - vectorization_evaluator_module - INFO - Сходство между 'Предупреждаем о работах в п. Казенная Заимка

16 м...' и 'Алтайский край представил сенаторам РФ практики ра...': 0.1990 (Ожидается: Похожие (технологии))
2025-06-01 13:52:52 - vectorization_evaluator_module - INFO - Сходство между '✔️ Работы на площади Октября продолжаются 

Сегодн...' и 'Полпред Анатолий Серышев провёл рабочую встречу с ...': 0.7364 (Ожидается: Непохожие (мир vs заявка))
2025-06-01 13:52:52 - vectorization_evaluator_module - INFO - Сходство между 'Предупреждаем о работах в п. Казенная Заимка

16 м...' и '👨‍🔬 В Барнауле обсудили подготовку к проведению го...': 0.1416 (Ожидается: Непохожие (телефон vs погода))
2025-06-01 13:52:52 - vectorization_evaluator_module - INFO - Сходство между 'В Барнауле приступили к работам по покосу травы

Т...' и '🤎 Более 30 тысяч барнаульцев приняли участие в гол...': 0.3751 (Ожидается: Непохожие (политика vs пташки))
2025-06-01 13:52:52 - vectorization_evaluator_module - INFO - 
Анализ топ-признаков (слов) векторизатора...
2025-06-01 13:52:52 - vectorization_evaluator_module - INFO - Топ-30 признаков (слов) по их IDF (чем выше, тем реже слово и важнее):
2025-06-01 13:52:52 - vectorization_evaluator_module - INFO -   1. покос (IDF: 5.8230)
2025-06-01 13:52:52 - vectorization_evaluator_module - INFO -   2. приют (IDF: 5.8230)
2025-06-01 13:52:52 - vectorization_evaluator_module - INFO -   3. ласка (IDF: 5.8230)
2025-06-01 13:52:52 - vectorization_evaluator_module - INFO -   4. контейнерный (IDF: 5.8230)
2025-06-01 13:52:52 - vectorization_evaluator_module - INFO -   5. улпушкин (IDF: 5.8230)
2025-06-01 13:52:52 - vectorization_evaluator_module - INFO -   6. футболка (IDF: 5.8230)
2025-06-01 13:52:52 - vectorization_evaluator_module - INFO -   7. олег (IDF: 5.8230)
2025-06-01 13:52:52 - vectorization_evaluator_module - INFO -   8. глушков (IDF: 5.8230)
2025-06-01 13:52:52 - vectorization_evaluator_module - INFO -   9. паводок (IDF: 5.8230)
2025-06-01 13:52:52 - vectorization_evaluator_module - INFO -   10. конев (IDF: 5.8230)
2025-06-01 13:52:52 - vectorization_evaluator_module - INFO -   11. тренировка (IDF: 5.8230)
2025-06-01 13:52:52 - vectorization_evaluator_module - INFO -   12. сие (IDF: 5.8230)
2025-06-01 13:52:52 - vectorization_evaluator_module - INFO -   13. эстафета (IDF: 5.8230)
2025-06-01 13:52:52 - vectorization_evaluator_module - INFO -   14. участковый (IDF: 5.8230)
2025-06-01 13:52:52 - vectorization_evaluator_module - INFO -   15. оползень (IDF: 5.8230)
2025-06-01 13:52:52 - vectorization_evaluator_module - INFO -   16. технопарк (IDF: 5.8230)
2025-06-01 13:52:52 - vectorization_evaluator_module - INFO -   17. конференция (IDF: 5.8230)
2025-06-01 13:52:52 - vectorization_evaluator_module - INFO -   18. итоговый (IDF: 5.5353)
2025-06-01 13:52:52 - vectorization_evaluator_module - INFO -   19. аттестация (IDF: 5.5353)
2025-06-01 13:52:52 - vectorization_evaluator_module - INFO -   20. серышева (IDF: 5.5353)
2025-06-01 13:52:52 - vectorization_evaluator_module - INFO -   21. долевой (IDF: 5.5353)
2025-06-01 13:52:52 - vectorization_evaluator_module - INFO -   22. инструктор (IDF: 5.5353)
2025-06-01 13:52:52 - vectorization_evaluator_module - INFO -   23. терроризм (IDF: 5.5353)
2025-06-01 13:52:52 - vectorization_evaluator_module - INFO -   24. чайкина (IDF: 5.5353)
2025-06-01 13:52:52 - vectorization_evaluator_module - INFO -   25. кубок (IDF: 5.5353)
2025-06-01 13:52:52 - vectorization_evaluator_module - INFO -   26. прстроитель (IDF: 5.5353)
2025-06-01 13:52:52 - vectorization_evaluator_module - INFO -   27. энергия (IDF: 5.5353)
2025-06-01 13:52:52 - vectorization_evaluator_module - INFO -   28. тсж (IDF: 5.5353)
2025-06-01 13:52:52 - vectorization_evaluator_module - INFO -   29. паршковы (IDF: 5.5353)
2025-06-01 13:52:52 - vectorization_evaluator_module - INFO -   30. журавль (IDF: 5.5353)
2025-06-01 13:52:52 - vectorization_evaluator_module - INFO - 
Общее количество извлеченных признаков (слов): 1500
